2022-12-19 16:13:23,327 [Worker-1: Loading available Gradle versions] INFO  o.e.b.c.i.u.g.PublishedGradleVersions - Gradle version information cache is up-to-date. Trying to read.
2022-12-21 20:01:38,015 [Worker-4: Loading available Gradle versions] INFO  o.e.b.c.i.u.g.PublishedGradleVersions - Gradle version information cache is up-to-date. Trying to read.
2022-12-21 21:53:14,130 [Worker-5: Loading available Gradle versions] INFO  o.e.b.c.i.u.g.PublishedGradleVersions - Gradle version information cache is up-to-date. Trying to read.
2022-12-21 22:17:35,905 [main] INFO  org.eclipse.jetty.server.Server - jetty-10.0.11; built: 2022-06-21T21:12:44.640Z; git: d988aa016e0bb2de6fba84c1659049c72eae3e32; jvm 17.0.4.1+1
2022-12-21 22:17:35,924 [main] INFO  o.e.j.s.s.DefaultSessionIdManager - Session workerName=node0
2022-12-21 22:17:35,951 [main] INFO  o.e.j.server.handler.ContextHandler - Started o.e.j.s.ServletContextHandler@19ef3e84{/wse,null,AVAILABLE}
2022-12-21 22:17:35,970 [main] INFO  o.e.jetty.server.AbstractConnector - Started ServerConnector@55f6db5d{HTTP/1.1, (http/1.1)}{0.0.0.0:52581}
2022-12-21 22:17:35,973 [main] INFO  org.eclipse.jetty.server.Server - Started Server@212133c5{STARTING}[10.0.11,sto=0] @1490997ms
2022-12-21 22:20:37,592 [qtp800599036-345] WARN  o.eclipse.jetty.server.HttpChannel - /wse/wsdl_content.jsp
org.apache.jasper.JasperException: java.lang.NullPointerException: Cannot invoke "java.util.Collection.toArray()" because "c" is null
	at org.apache.jasper.servlet.JspServletWrapper.service(JspServletWrapper.java:432)
	at org.apache.jasper.servlet.JspServlet.serviceJspFile(JspServlet.java:492)
	at org.apache.jasper.servlet.JspServlet.service(JspServlet.java:378)
	at javax.servlet.http.HttpServlet.service(HttpServlet.java:584)
	at org.eclipse.equinox.jsp.jasper.JspServlet.service(JspServlet.java:164)
	at javax.servlet.http.HttpServlet.service(HttpServlet.java:584)
	at org.eclipse.equinox.http.registry.internal.ServletManager$ServletWrapper.service(ServletManager.java:180)
	at org.eclipse.equinox.http.servlet.internal.HttpServiceRuntimeImpl$LegacyServlet.service(HttpServiceRuntimeImpl.java:1457)
	at org.eclipse.equinox.http.servlet.internal.registration.EndpointRegistration.service(EndpointRegistration.java:159)
	at org.eclipse.equinox.http.servlet.internal.servlet.ResponseStateHandler.processRequest(ResponseStateHandler.java:67)
	at org.eclipse.equinox.http.servlet.internal.context.DispatchTargets.doDispatch(DispatchTargets.java:118)
	at org.eclipse.equinox.http.servlet.internal.servlet.ProxyServlet.dispatch(ProxyServlet.java:147)
	at org.eclipse.equinox.http.servlet.internal.servlet.ProxyServlet.preprocess(ProxyServlet.java:115)
	at org.eclipse.equinox.http.servlet.internal.servlet.ProxyServlet.service(ProxyServlet.java:104)
	at javax.servlet.http.HttpServlet.service(HttpServlet.java:584)
	at org.eclipse.equinox.http.jetty.internal.HttpServerManager$InternalHttpServiceServlet.service(HttpServerManager.java:308)
	at org.eclipse.jetty.servlet.ServletHolder.handle(ServletHolder.java:764)
	at org.eclipse.jetty.servlet.ServletHandler.doHandle(ServletHandler.java:529)
	at org.eclipse.jetty.server.handler.ScopedHandler.nextHandle(ScopedHandler.java:221)
	at org.eclipse.jetty.server.session.SessionHandler.doHandle(SessionHandler.java:1571)
	at org.eclipse.jetty.server.handler.ScopedHandler.nextHandle(ScopedHandler.java:221)
	at org.eclipse.jetty.server.handler.ContextHandler.doHandle(ContextHandler.java:1378)
	at org.eclipse.jetty.server.handler.ScopedHandler.nextScope(ScopedHandler.java:176)
	at org.eclipse.jetty.servlet.ServletHandler.doScope(ServletHandler.java:484)
	at org.eclipse.jetty.server.session.SessionHandler.doScope(SessionHandler.java:1544)
	at org.eclipse.jetty.server.handler.ScopedHandler.nextScope(ScopedHandler.java:174)
	at org.eclipse.jetty.server.handler.ContextHandler.doScope(ContextHandler.java:1300)
	at org.eclipse.jetty.server.handler.ScopedHandler.handle(ScopedHandler.java:129)
	at org.eclipse.jetty.server.handler.HandlerWrapper.handle(HandlerWrapper.java:122)
	at org.eclipse.jetty.server.Server.handle(Server.java:562)
	at org.eclipse.jetty.server.HttpChannel.lambda$handle$0(HttpChannel.java:505)
	at org.eclipse.jetty.server.HttpChannel.dispatch(HttpChannel.java:762)
	at org.eclipse.jetty.server.HttpChannel.handle(HttpChannel.java:497)
	at org.eclipse.jetty.server.HttpConnection.onFillable(HttpConnection.java:282)
	at org.eclipse.jetty.io.AbstractConnection$ReadCallback.succeeded(AbstractConnection.java:319)
	at org.eclipse.jetty.io.FillInterest.fillable(FillInterest.java:100)
	at org.eclipse.jetty.io.SelectableChannelEndPoint$1.run(SelectableChannelEndPoint.java:53)
	at org.eclipse.jetty.util.thread.strategy.AdaptiveExecutionStrategy.runTask(AdaptiveExecutionStrategy.java:412)
	at org.eclipse.jetty.util.thread.strategy.AdaptiveExecutionStrategy.consumeTask(AdaptiveExecutionStrategy.java:381)
	at org.eclipse.jetty.util.thread.strategy.AdaptiveExecutionStrategy.tryProduce(AdaptiveExecutionStrategy.java:268)
	at org.eclipse.jetty.util.thread.strategy.AdaptiveExecutionStrategy.lambda$new$0(AdaptiveExecutionStrategy.java:138)
	at org.eclipse.jetty.util.thread.ReservedThreadExecutor$ReservedThread.run(ReservedThreadExecutor.java:407)
	at org.eclipse.jetty.util.thread.QueuedThreadPool.runJob(QueuedThreadPool.java:894)
	at org.eclipse.jetty.util.thread.QueuedThreadPool$Runner.run(QueuedThreadPool.java:1038)
	at java.base/java.lang.Thread.run(Thread.java:833)
Caused by: java.lang.NullPointerException: Cannot invoke "java.util.Collection.toArray()" because "c" is null
	at java.base/java.util.ArrayList.addAll(ArrayList.java:670)
	at org.eclipse.jst.ws.internal.cxf.consumption.core.locator.CXFWebServiceLocator.getWebServices(CXFWebServiceLocator.java:52)
	at org.eclipse.jst.ws.internal.cxf.consumption.core.locator.CXFWebServiceLocator.getWebServices(CXFWebServiceLocator.java:43)
	at org.eclipse.wst.ws.internal.wsfinder.WebServiceFinder.getWebServicesByCategoryId(WebServiceFinder.java:180)
	at org.eclipse.wst.ws.internal.wsfinder.WebServiceFinder.getWebServicesByCategoryId(WebServiceFinder.java:148)
	at org.eclipse.wst.ws.internal.wsfinder.WebServiceFinder.getWebServicesByCategory(WebServiceFinder.java:115)
	at org.apache.jsp.wsdl_005fcontent_jsp._jspService(org.apache.jsp.wsdl_005fcontent_jsp:256)
	at org.apache.jasper.runtime.HttpJspBase.service(HttpJspBase.java:111)
	at javax.servlet.http.HttpServlet.service(HttpServlet.java:584)
	at org.apache.jasper.servlet.JspServletWrapper.service(JspServletWrapper.java:403)
	... 44 common frames omitted
2022-12-21 22:54:33,249 [Framework stop - Equinox Container: 0ff98279-a220-4e24-8d90-b02df8ae34fe] INFO  org.eclipse.jetty.server.Server - Stopped Server@212133c5{STOPPING}[10.0.11,sto=0]
2022-12-21 22:54:33,252 [Framework stop - Equinox Container: 0ff98279-a220-4e24-8d90-b02df8ae34fe] INFO  o.e.jetty.server.AbstractConnector - Stopped ServerConnector@55f6db5d{HTTP/1.1, (http/1.1)}{0.0.0.0:0}
2022-12-21 22:54:33,330 [Framework stop - Equinox Container: 0ff98279-a220-4e24-8d90-b02df8ae34fe] INFO  o.e.j.server.handler.ContextHandler - Stopped o.e.j.s.ServletContextHandler@19ef3e84{/wse,null,STOPPED}
2022-12-22 12:52:00,712 [Worker-6: Loading available Gradle versions] INFO  o.e.b.c.i.u.g.PublishedGradleVersions - Gradle version information cache is out-of-date. Trying to update.
2022-12-23 21:47:17,538 [Worker-3: Loading available Gradle versions] INFO  o.e.b.c.i.u.g.PublishedGradleVersions - Gradle version information cache is up-to-date. Trying to read.
